[2020-07-06 23:11:48,928] INFO org.github.dragos.vscode.Main$ - Starting server in /Users/Morse-work/Documents/code
[2020-07-06 23:11:48,928] INFO org.github.dragos.vscode.Main$ - Starting server in /Users/Morse-work/Documents/code
[2020-07-06 23:11:48,935] INFO org.github.dragos.vscode.Main$ - Classpath: /Users/Morse-work/.vscode/extensions/dragos.scala-lsp-0.2.3/coursier
[2020-07-06 23:11:48,935] INFO org.github.dragos.vscode.Main$ - Classpath: /Users/Morse-work/.vscode/extensions/dragos.scala-lsp-0.2.3/coursier
[2020-07-06 23:11:49,026] DEBUG langserver.core.MessageReader - Received headers:
Content-Length: 1192
[2020-07-06 23:11:49,026] DEBUG langserver.core.MessageReader - Received headers:
Content-Length: 1192
[2020-07-06 23:11:49,035] DEBUG langserver.core.Connection - Received {"jsonrpc":"2.0","id":0,"method":"initialize","params":{"processId":6847,"rootPath":"/Users/Morse-work/Documents/code","rootUri":"file:///Users/Morse-work/Documents/code","capabilities":{"workspace":{"applyEdit":true,"didChangeConfiguration":{"dynamicRegistration":false},"didChangeWatchedFiles":{"dynamicRegistration":false},"symbol":{"dynamicRegistration":true},"executeCommand":{"dynamicRegistration":true}},"textDocument":{"synchronization":{"dynamicRegistration":true,"willSave":true,"willSaveWaitUntil":true,"didSave":true},"completion":{"dynamicRegistration":true,"completionItem":{"snippetSupport":true}},"hover":{"dynamicRegistration":true},"signatureHelp":{"dynamicRegistration":true},"references":{"dynamicRegistration":true},"documentHighlight":{"dynamicRegistration":true},"documentSymbol":{"dynamicRegistration":true},"formatting":{"dynamicRegistration":true},"rangeFormatting":{"dynamicRegistration":true},"onTypeFormatting":{"dynamicRegistration":true},"definition":{"dynamicRegistration":true},"codeAction":{"dynamicRegistration":true},"codeLens":{"dynamicRegistration":true},"documentLink":{"dynamicRegistration":true},"rename":{"dynamicRegistration":true}}},"trace":"off"}}
[2020-07-06 23:11:49,035] DEBUG langserver.core.Connection - Received {"jsonrpc":"2.0","id":0,"method":"initialize","params":{"processId":6847,"rootPath":"/Users/Morse-work/Documents/code","rootUri":"file:///Users/Morse-work/Documents/code","capabilities":{"workspace":{"applyEdit":true,"didChangeConfiguration":{"dynamicRegistration":false},"didChangeWatchedFiles":{"dynamicRegistration":false},"symbol":{"dynamicRegistration":true},"executeCommand":{"dynamicRegistration":true}},"textDocument":{"synchronization":{"dynamicRegistration":true,"willSave":true,"willSaveWaitUntil":true,"didSave":true},"completion":{"dynamicRegistration":true,"completionItem":{"snippetSupport":true}},"hover":{"dynamicRegistration":true},"signatureHelp":{"dynamicRegistration":true},"references":{"dynamicRegistration":true},"documentHighlight":{"dynamicRegistration":true},"documentSymbol":{"dynamicRegistration":true},"formatting":{"dynamicRegistration":true},"rangeFormatting":{"dynamicRegistration":true},"onTypeFormatting":{"dynamicRegistration":true},"definition":{"dynamicRegistration":true},"codeAction":{"dynamicRegistration":true},"codeLens":{"dynamicRegistration":true},"documentLink":{"dynamicRegistration":true},"rename":{"dynamicRegistration":true}}},"trace":"off"}}
[2020-07-06 23:11:49,386] INFO org.github.dragos.vscode.EnsimeLanguageServer - Initialized with 6847, /Users/Morse-work/Documents/code, ClientCapabilities()
[2020-07-06 23:11:49,386] INFO org.github.dragos.vscode.EnsimeLanguageServer - Initialized with 6847, /Users/Morse-work/Documents/code, ClientCapabilities()
[2020-07-06 23:11:49,387] DEBUG org.github.dragos.vscode.EnsimeLanguageServer - ensime.config = "/Users/Morse-work/Documents/code/.ensime" 
[2020-07-06 23:11:49,387] DEBUG org.github.dragos.vscode.EnsimeLanguageServer - ensime.config = "/Users/Morse-work/Documents/code/.ensime" 
[2020-07-06 23:11:49,725] INFO akka.event.slf4j.Slf4jLogger - Slf4jLogger started
[2020-07-06 23:11:49,855] ERROR org.github.dragos.vscode.EnsimeLanguageServer - initializeEnsime Error: /Users/Morse-work/Documents/code/.ensime
[2020-07-06 23:11:49,855] ERROR org.github.dragos.vscode.EnsimeLanguageServer - initializeEnsime Error: /Users/Morse-work/Documents/code/.ensime
[2020-07-06 23:11:49,898] DEBUG langserver.core.MessageWriter - Content-Length: 146



{"jsonrpc":"2.0","method":"window/showMessage","params":{"tpe":1,"message":"No .ensime file in directory. Run `sbt ensimeConfig` to create one."}}
[2020-07-06 23:11:49,898] DEBUG langserver.core.MessageWriter - Content-Length: 146



{"jsonrpc":"2.0","method":"window/showMessage","params":{"tpe":1,"message":"No .ensime file in directory. Run `sbt ensimeConfig` to create one."}}
[2020-07-06 23:11:49,898] DEBUG langserver.core.MessageWriter - payload: {"jsonrpc":"2.0","method":"window/showMessage","params":{"tpe":1,"message":"No .ensime file in directory. Run `sbt ensimeConfig` to create one."}}
[2020-07-06 23:11:49,898] DEBUG langserver.core.MessageWriter - payload: {"jsonrpc":"2.0","method":"window/showMessage","params":{"tpe":1,"message":"No .ensime file in directory. Run `sbt ensimeConfig` to create one."}}
[2020-07-06 23:11:49,961] DEBUG langserver.core.MessageWriter - Content-Length: 441



{"jsonrpc":"2.0","result":{"capabilities":{"textDocumentSync":1,"hoverProvider":true,"completionProvider":{"resolveProvider":false,"triggerCharacters":["."]},"definitionProvider":true,"referencesProvider":false,"documentHighlightProvider":false,"documentSymbolProvider":true,"workspaceSymbolProvider":false,"codeActionProvider":false,"documentFormattingProvider":false,"documentRangeFormattingProvider":false,"renameProvider":false}},"id":0}
[2020-07-06 23:11:49,961] DEBUG langserver.core.MessageWriter - Content-Length: 441



{"jsonrpc":"2.0","result":{"capabilities":{"textDocumentSync":1,"hoverProvider":true,"completionProvider":{"resolveProvider":false,"triggerCharacters":["."]},"definitionProvider":true,"referencesProvider":false,"documentHighlightProvider":false,"documentSymbolProvider":true,"workspaceSymbolProvider":false,"codeActionProvider":false,"documentFormattingProvider":false,"documentRangeFormattingProvider":false,"renameProvider":false}},"id":0}
[2020-07-06 23:11:49,961] DEBUG langserver.core.MessageWriter - payload: {"jsonrpc":"2.0","result":{"capabilities":{"textDocumentSync":1,"hoverProvider":true,"completionProvider":{"resolveProvider":false,"triggerCharacters":["."]},"definitionProvider":true,"referencesProvider":false,"documentHighlightProvider":false,"documentSymbolProvider":true,"workspaceSymbolProvider":false,"codeActionProvider":false,"documentFormattingProvider":false,"documentRangeFormattingProvider":false,"renameProvider":false}},"id":0}
[2020-07-06 23:11:49,961] DEBUG langserver.core.MessageWriter - payload: {"jsonrpc":"2.0","result":{"capabilities":{"textDocumentSync":1,"hoverProvider":true,"completionProvider":{"resolveProvider":false,"triggerCharacters":["."]},"definitionProvider":true,"referencesProvider":false,"documentHighlightProvider":false,"documentSymbolProvider":true,"workspaceSymbolProvider":false,"codeActionProvider":false,"documentFormattingProvider":false,"documentRangeFormattingProvider":false,"renameProvider":false}},"id":0}
[2020-07-06 23:11:49,963] DEBUG langserver.core.MessageReader - Received headers:
Content-Length: 52
[2020-07-06 23:11:49,963] DEBUG langserver.core.MessageReader - Received headers:
Content-Length: 52
[2020-07-06 23:11:49,963] DEBUG langserver.core.Connection - Received {"jsonrpc":"2.0","method":"initialized","params":{}}
[2020-07-06 23:11:49,963] DEBUG langserver.core.Connection - Received {"jsonrpc":"2.0","method":"initialized","params":{}}
[2020-07-06 23:11:49,971] ERROR org.github.dragos.vscode.EnsimeLanguageServer - Unknown notification Initialized()
[2020-07-06 23:11:49,971] ERROR org.github.dragos.vscode.EnsimeLanguageServer - Unknown notification Initialized()
[2020-07-06 23:11:49,971] DEBUG langserver.core.MessageReader - Received headers:
Content-Length: 274
[2020-07-06 23:11:49,971] DEBUG langserver.core.MessageReader - Received headers:
Content-Length: 274
[2020-07-06 23:11:49,972] DEBUG langserver.core.Connection - Received {"jsonrpc":"2.0","method":"textDocument/didOpen","params":{"textDocument":{"uri":"file:///Users/Morse-work/Documents/code/experiment/chapter5.sc","languageId":"scala","version":190,"text":"class Rational(n:Int,d:Int){\n    override def toString(): String = n+\"/\"+d;\n}"}}}
[2020-07-06 23:11:49,972] DEBUG langserver.core.Connection - Received {"jsonrpc":"2.0","method":"textDocument/didOpen","params":{"textDocument":{"uri":"file:///Users/Morse-work/Documents/code/experiment/chapter5.sc","languageId":"scala","version":190,"text":"class Rational(n:Int,d:Int){\n    override def toString(): String = n+\"/\"+d;\n}"}}}
[2020-07-06 23:17:57,667] DEBUG langserver.core.MessageReader - Received headers:
Content-Length: 58
[2020-07-06 23:17:57,667] DEBUG langserver.core.MessageReader - Received headers:
Content-Length: 58
[2020-07-06 23:17:57,671] DEBUG langserver.core.Connection - Received {"jsonrpc":"2.0","id":1,"method":"shutdown","params":null}
[2020-07-06 23:17:57,671] DEBUG langserver.core.Connection - Received {"jsonrpc":"2.0","id":1,"method":"shutdown","params":null}
[2020-07-06 23:17:57,709] DEBUG langserver.core.MessageWriter - Content-Length: 198



{"jsonrpc":"2.0","error":{"code":-32602,"message":"Invalid params","data":{"meaning":"Invalid method parameter(s).","error":{"obj":[{"msg":["command parameters must be given"],"args":[]}]}}},"id":1}
[2020-07-06 23:17:57,709] DEBUG langserver.core.MessageWriter - Content-Length: 198



{"jsonrpc":"2.0","error":{"code":-32602,"message":"Invalid params","data":{"meaning":"Invalid method parameter(s).","error":{"obj":[{"msg":["command parameters must be given"],"args":[]}]}}},"id":1}
[2020-07-06 23:17:57,709] DEBUG langserver.core.MessageWriter - payload: {"jsonrpc":"2.0","error":{"code":-32602,"message":"Invalid params","data":{"meaning":"Invalid method parameter(s).","error":{"obj":[{"msg":["command parameters must be given"],"args":[]}]}}},"id":1}
[2020-07-06 23:17:57,709] DEBUG langserver.core.MessageWriter - payload: {"jsonrpc":"2.0","error":{"code":-32602,"message":"Invalid params","data":{"meaning":"Invalid method parameter(s).","error":{"obj":[{"msg":["command parameters must be given"],"args":[]}]}}},"id":1}
[2020-07-06 23:17:58,707] INFO langserver.core.MessageReader - End of stream, terminating thread
[2020-07-06 23:17:58,707] INFO langserver.core.MessageReader - End of stream, terminating thread
[2020-07-06 23:17:58,708] INFO org.github.dragos.vscode.EnsimeLanguageServer - Shutdown request
[2020-07-06 23:17:58,708] INFO org.github.dragos.vscode.EnsimeLanguageServer - Shutdown request
[2020-07-06 23:17:58,708] INFO org.github.dragos.vscode.EnsimeLanguageServer - Shutting down actor system.
[2020-07-06 23:17:58,708] INFO org.github.dragos.vscode.EnsimeLanguageServer - Shutting down actor system.
[2020-07-06 23:17:58,756] INFO org.github.dragos.vscode.EnsimeLanguageServer - Actor system down.
[2020-07-06 23:17:58,756] INFO org.github.dragos.vscode.EnsimeLanguageServer - Actor system down.
