2020.07.06 22:23:05 INFO  started: Metals version 0.9.1 in workspace '/Users/Morse-work/Documents/code'
2020.07.06 22:23:05 INFO  time: initialize in 0.33s
2020.07.06 22:23:05 WARN  no build tool detected in workspace '/Users/Morse-work/Documents/code'. The most common cause for this problem is that the editor was opened in the wrong working directory, for example if you use sbt then the workspace directory should contain build.sbt. 
2020.07.06 22:23:05 INFO  no build target: using presentation compiler with only scala-library
2020.07.06 22:23:07 WARN  no build target for: /Users/Morse-work/Documents/code/experiment/chapter5.scala
Jul 06, 2020 10:23:07 PM org.eclipse.lsp4j.jsonrpc.RemoteEndpoint handleCancellation
WARNING: Unmatched cancel notification for request id 6
Jul 06, 2020 10:23:07 PM org.eclipse.lsp4j.jsonrpc.RemoteEndpoint handleCancellation
WARNING: Unmatched cancel notification for request id 5
Jul 06, 2020 10:23:07 PM org.eclipse.lsp4j.jsonrpc.RemoteEndpoint handleCancellation
WARNING: Unmatched cancel notification for request id 7
Jul 06, 2020 10:23:07 PM org.eclipse.lsp4j.jsonrpc.RemoteEndpoint handleCancellation
WARNING: Unmatched cancel notification for request id 10
Jul 06, 2020 10:23:07 PM org.eclipse.lsp4j.jsonrpc.RemoteEndpoint handleCancellation
WARNING: Unmatched cancel notification for request id 12
Jul 06, 2020 10:23:07 PM org.eclipse.lsp4j.jsonrpc.RemoteEndpoint handleCancellation
WARNING: Unmatched cancel notification for request id 15
2020.07.06 22:23:23 WARN  no build target for: /Users/Morse-work/Documents/code/experiment/chapter5.sc
2020.07.06 22:23:27 INFO  tracing is disabled for protocol BSP, to enable tracing of incoming and outgoing JSON messages create an empty file at /Users/Morse-work/Library/Caches/org.scalameta.metals/bsp.trace.json
2020.07.06 22:23:28 INFO  Ammonite: Starting BSP server

2020.07.06 22:23:28 INFO  Connected to Ammonite Build server v2.1.4-8-5d0c097
2020.07.06 22:23:32 INFO  time: indexed workspace in 2.36s
2020.07.06 22:23:33 INFO  compiling experiment/chapter5.sc
2020.07.06 22:23:34 INFO  time: compiled chapter5.sc in 1.86s
2020.07.06 22:24:50 INFO  compiling experiment/chapter5.sc
2020.07.06 22:24:50 INFO  time: compiled chapter5.sc in 0.94s
Jul 06, 2020 10:25:09 PM org.eclipse.lsp4j.jsonrpc.RemoteEndpoint handleCancellation
WARNING: Unmatched cancel notification for request id 155
Jul 06, 2020 10:25:09 PM org.eclipse.lsp4j.jsonrpc.RemoteEndpoint handleCancellation
WARNING: Unmatched cancel notification for request id 156
2020.07.06 22:25:14 INFO  compiling experiment/chapter5.sc
2020.07.06 22:25:14 INFO  time: compiled chapter5.sc in 0.8s
Jul 06, 2020 11:02:00 PM org.eclipse.lsp4j.jsonrpc.RemoteEndpoint handleCancellation
WARNING: Unmatched cancel notification for request id 186
Jul 06, 2020 11:08:32 PM org.eclipse.lsp4j.jsonrpc.services.GenericEndpoint notify
INFO: Unsupported notification method: $/setTraceNotification
Jul 06, 2020 11:08:51 PM org.eclipse.lsp4j.jsonrpc.services.GenericEndpoint notify
INFO: Unsupported notification method: $/setTraceNotification
2020.07.06 23:08:53 INFO  compiling experiment/chapter5.sc
Jul 06, 2020 11:08:54 PM org.eclipse.lsp4j.jsonrpc.services.GenericEndpoint notify
INFO: Unsupported notification method: $/setTraceNotification
2020.07.06 23:08:54 INFO  time: compiled chapter5.sc in 1.18s
Jul 06, 2020 11:09:03 PM org.eclipse.lsp4j.jsonrpc.services.GenericEndpoint notify
INFO: Unsupported notification method: $/setTraceNotification
Jul 06, 2020 11:09:30 PM org.eclipse.lsp4j.jsonrpc.services.GenericEndpoint notify
INFO: Unsupported notification method: $/setTraceNotification
Jul 06, 2020 11:13:35 PM org.eclipse.lsp4j.jsonrpc.services.GenericEndpoint notify
INFO: Unsupported notification method: $/setTraceNotification
Jul 06, 2020 11:13:56 PM org.eclipse.lsp4j.jsonrpc.services.GenericEndpoint notify
INFO: Unsupported notification method: $/setTraceNotification
Jul 06, 2020 11:17:24 PM org.eclipse.lsp4j.jsonrpc.services.GenericEndpoint notify
INFO: Unsupported notification method: $/setTraceNotification
2020.07.06 23:17:57 INFO  shutting down Metals
2020.07.06 23:21:05 INFO  started: Metals version 0.9.1 in workspace '/Users/Morse-work/Documents/code'
2020.07.06 23:21:05 INFO  time: initialize in 0.3s
2020.07.06 23:21:06 WARN  no build tool detected in workspace '/Users/Morse-work/Documents/code'. The most common cause for this problem is that the editor was opened in the wrong working directory, for example if you use sbt then the workspace directory should contain build.sbt. 
2020.07.06 23:21:06 INFO  no build target: using presentation compiler with only scala-library
2020.07.06 23:21:08 WARN  no build target for: /Users/Morse-work/Documents/code/experiment/chapter5.sc
2020.07.06 23:21:08 INFO  tracing is disabled for protocol BSP, to enable tracing of incoming and outgoing JSON messages create an empty file at /Users/Morse-work/Library/Caches/org.scalameta.metals/bsp.trace.json
Jul 06, 2020 11:21:08 PM org.eclipse.lsp4j.jsonrpc.RemoteEndpoint handleCancellation
WARNING: Unmatched cancel notification for request id 3
Jul 06, 2020 11:21:08 PM org.eclipse.lsp4j.jsonrpc.RemoteEndpoint handleCancellation
WARNING: Unmatched cancel notification for request id 2
Jul 06, 2020 11:21:08 PM org.eclipse.lsp4j.jsonrpc.RemoteEndpoint handleCancellation
WARNING: Unmatched cancel notification for request id 5
Jul 06, 2020 11:21:08 PM org.eclipse.lsp4j.jsonrpc.RemoteEndpoint handleCancellation
WARNING: Unmatched cancel notification for request id 1
2020.07.06 23:21:09 INFO  Ammonite: Starting BSP server

2020.07.06 23:21:09 INFO  Connected to Ammonite Build server v2.1.4-8-5d0c097
2020.07.06 23:21:12 INFO  time: indexed workspace in 1.32s
2020.07.06 23:21:12 INFO  compiling experiment/chapter5.sc
2020.07.06 23:21:15 INFO  time: compiled chapter5.sc in 2.05s
2020.07.06 23:22:28 INFO  compiling experiment/chapter5.sc
2020.07.06 23:22:28 INFO  time: compiled chapter5.sc in 0.92s
2020.07.06 23:23:25 INFO  compiling experiment/chapter5.sc
2020.07.06 23:23:25 INFO  time: compiled chapter5.sc in 0.87s
2020.07.06 23:23:31 INFO  compiling experiment/chapter5.sc
2020.07.06 23:23:31 INFO  time: compiled chapter5.sc in 0.86s
Jul 06, 2020 11:29:11 PM org.eclipse.lsp4j.jsonrpc.RemoteEndpoint handleCancellation
WARNING: Unmatched cancel notification for request id 716
2020.07.06 23:29:41 INFO  compiling experiment/chapter5.sc
2020.07.06 23:29:41 INFO  time: compiled chapter5.sc in 0.99s
2020.07.06 23:29:53 INFO  compiling experiment/chapter5.sc
2020.07.06 23:29:53 INFO  time: compiled chapter5.sc in 0.81s
2020.07.06 23:30:10 INFO  compiling experiment/chapter5.sc
2020.07.06 23:30:10 INFO  time: compiled chapter5.sc in 0.78s
2020.07.06 23:30:38 INFO  compiling experiment/chapter5.sc
2020.07.06 23:30:38 INFO  time: compiled chapter5.sc in 0.75s
2020.07.06 23:31:10 INFO  compiling experiment/chapter5.sc
2020.07.06 23:31:10 INFO  time: compiled chapter5.sc in 0.1s
2020.07.06 23:31:18 INFO  compiling experiment/chapter5.sc
2020.07.06 23:31:18 INFO  time: compiled chapter5.sc in 0.72s
Jul 06, 2020 11:31:36 PM org.eclipse.lsp4j.jsonrpc.RemoteEndpoint handleCancellation
WARNING: Unmatched cancel notification for request id 966
2020.07.06 23:31:42 INFO  compiling experiment/chapter5.sc
2020.07.06 23:31:42 INFO  time: compiled chapter5.sc in 0.96s
2020.07.07 10:47:17 INFO  shutting down Metals
2020.07.07 11:08:55 INFO  started: Metals version 0.9.1 in workspace '/Users/Morse-work/Documents/code'
2020.07.07 11:08:56 INFO  time: initialize in 0.3s
2020.07.07 11:08:56 WARN  no build tool detected in workspace '/Users/Morse-work/Documents/code'. The most common cause for this problem is that the editor was opened in the wrong working directory, for example if you use sbt then the workspace directory should contain build.sbt. 
2020.07.07 11:08:56 INFO  no build target: using presentation compiler with only scala-library
2020.07.07 11:08:58 WARN  no build target for: /Users/Morse-work/Documents/code/experiment/chapter5.sc
2020.07.07 11:08:58 INFO  tracing is disabled for protocol BSP, to enable tracing of incoming and outgoing JSON messages create an empty file at /Users/Morse-work/Library/Caches/org.scalameta.metals/bsp.trace.json
2020.07.07 11:08:59 INFO  Ammonite: Starting BSP server

2020.07.07 11:08:58 INFO  Connected to Ammonite Build server v2.1.4-8-5d0c097
2020.07.07 11:09:02 INFO  time: indexed workspace in 1.42s
2020.07.07 11:09:02 INFO  compiling experiment/chapter5.sc
2020.07.07 11:09:04 INFO  time: compiled chapter5.sc in 2.15s
2020.07.07 12:18:19 INFO  compiling experiment/chapter5.sc
Jul 07, 2020 12:18:20 PM org.eclipse.lsp4j.jsonrpc.RemoteEndpoint fallbackResponseError
SEVERE: Internal error: java.lang.IllegalArgumentException: -1 is not a valid offset, allowed [0..0]
java.util.concurrent.CompletionException: java.lang.IllegalArgumentException: -1 is not a valid offset, allowed [0..0]
	at java.util.concurrent.CompletableFuture.encodeThrowable(CompletableFuture.java:273)
	at java.util.concurrent.CompletableFuture.completeThrowable(CompletableFuture.java:280)
	at java.util.concurrent.CompletableFuture$AsyncSupply.run(CompletableFuture.java:1592)
	at java.util.concurrent.ThreadPoolExecutor.runWorker(ThreadPoolExecutor.java:1149)
	at java.util.concurrent.ThreadPoolExecutor$Worker.run(ThreadPoolExecutor.java:624)
	at java.lang.Thread.run(Thread.java:748)
Caused by: java.lang.IllegalArgumentException: -1 is not a valid offset, allowed [0..0]
	at scala.meta.internal.inputs.InternalInput.offsetToLine(InternalInput.scala:49)
	at scala.meta.internal.inputs.InternalInput.offsetToLine$(InternalInput.scala:43)
	at scala.meta.inputs.Input$VirtualFile.offsetToLine(Input.scala:80)
	at scala.meta.inputs.Position$Range.startLine(Position.scala:37)
	at scala.meta.internal.mtags.CommonMtagsEnrichments$XtensionMetaPosition.toLSP(CommonMtagsEnrichments.scala:74)
	at scala.meta.internal.metals.TokenEditDistance.toRevised(TokenEditDistance.scala:135)
	at scala.meta.internal.metals.FoldingRangeExtractor.extractFrom(FoldingRangeExtractor.scala:36)
	at scala.meta.internal.metals.FoldingRangeExtractor.$anonfun$extractFrom$2(FoldingRangeExtractor.scala:55)
	at scala.meta.internal.metals.FoldingRangeExtractor.$anonfun$extractFrom$2$adapted(FoldingRangeExtractor.scala:50)
	at scala.collection.immutable.List.foreach(List.scala:392)
	at scala.meta.internal.metals.FoldingRangeExtractor.extractFrom(FoldingRangeExtractor.scala:50)
	at scala.meta.internal.metals.FoldingRangeExtractor.$anonfun$extractFrom$2(FoldingRangeExtractor.scala:55)
	at scala.meta.internal.metals.FoldingRangeExtractor.$anonfun$extractFrom$2$adapted(FoldingRangeExtractor.scala:50)
	at scala.collection.immutable.List.foreach(List.scala:392)
	at scala.meta.internal.metals.FoldingRangeExtractor.extractFrom(FoldingRangeExtractor.scala:50)
	at scala.meta.internal.metals.FoldingRangeExtractor.extract(FoldingRangeExtractor.scala:28)
	at scala.meta.internal.metals.FoldingRangeProvider.$anonfun$getRangedFor$1(FoldingRangeProvider.scala:28)
	at scala.Option.map(Option.scala:230)
	at scala.meta.internal.metals.FoldingRangeProvider.getRangedFor(FoldingRangeProvider.scala:23)
	at scala.meta.internal.pc.ScalaPresentationCompiler.$anonfun$foldingRange$1(ScalaPresentationCompiler.scala:139)
	at java.util.concurrent.CompletableFuture$AsyncSupply.run(CompletableFuture.java:1590)
	... 3 more

2020.07.07 12:18:21 INFO  time: compiled chapter5.sc in 1.51s
Jul 07, 2020 12:24:25 PM org.eclipse.lsp4j.jsonrpc.RemoteEndpoint handleCancellation
WARNING: Unmatched cancel notification for request id 246
Jul 07, 2020 12:24:37 PM org.eclipse.lsp4j.jsonrpc.RemoteEndpoint handleCancellation
WARNING: Unmatched cancel notification for request id 294
2020.07.07 12:27:25 INFO  compiling experiment/chapter5.sc
Jul 07, 2020 12:27:25 PM org.eclipse.lsp4j.jsonrpc.services.GenericEndpoint notify
INFO: Unsupported notification method: $/setTraceNotification
2020.07.07 12:27:26 INFO  time: compiled chapter5.sc in 1.33s
2020.07.07 12:28:38 INFO  compiling experiment/chapter5.sc
2020.07.07 12:28:39 INFO  time: compiled chapter5.sc in 1s
Jul 07, 2020 1:29:23 PM org.eclipse.lsp4j.jsonrpc.services.GenericEndpoint notify
INFO: Unsupported notification method: $/setTraceNotification
Jul 07, 2020 1:29:25 PM org.eclipse.lsp4j.jsonrpc.services.GenericEndpoint notify
INFO: Unsupported notification method: $/setTraceNotification
Jul 07, 2020 1:29:32 PM org.eclipse.lsp4j.jsonrpc.services.GenericEndpoint notify
INFO: Unsupported notification method: $/setTraceNotification
Jul 07, 2020 1:29:34 PM org.eclipse.lsp4j.jsonrpc.services.GenericEndpoint notify
INFO: Unsupported notification method: $/setTraceNotification
Jul 07, 2020 1:30:10 PM org.eclipse.lsp4j.jsonrpc.services.GenericEndpoint notify
INFO: Unsupported notification method: $/setTraceNotification
2020.07.07 13:33:40 INFO  compiling experiment/chapter5.sc
2020.07.07 13:33:40 INFO  time: compiled chapter5.sc in 0.25s
2020.07.09 21:35:34 INFO  started: Metals version 0.9.1 in workspace '/Users/Morse-work/Documents/code'
2020.07.09 21:35:34 INFO  time: initialize in 0.34s
2020.07.09 21:35:38 WARN  no build tool detected in workspace '/Users/Morse-work/Documents/code'. The most common cause for this problem is that the editor was opened in the wrong working directory, for example if you use sbt then the workspace directory should contain build.sbt. 
Jul 09, 2020 9:37:45 PM org.eclipse.lsp4j.jsonrpc.services.GenericEndpoint notify
INFO: Unsupported notification method: $/setTraceNotification
Jul 09, 2020 9:37:47 PM org.eclipse.lsp4j.jsonrpc.services.GenericEndpoint notify
INFO: Unsupported notification method: $/setTraceNotification
Jul 09, 2020 9:37:51 PM org.eclipse.lsp4j.jsonrpc.services.GenericEndpoint notify
INFO: Unsupported notification method: $/setTraceNotification
Jul 09, 2020 9:37:55 PM org.eclipse.lsp4j.jsonrpc.services.GenericEndpoint notify
INFO: Unsupported notification method: $/setTraceNotification
Jul 09, 2020 9:37:55 PM org.eclipse.lsp4j.jsonrpc.services.GenericEndpoint notify
INFO: Unsupported notification method: $/setTraceNotification
Jul 09, 2020 10:20:03 PM org.eclipse.lsp4j.jsonrpc.services.GenericEndpoint notify
INFO: Unsupported notification method: $/setTraceNotification
2020.07.09 22:21:00 INFO  shutting down Metals
